info it worked if it ends with ok
verbose cli [ 'node', '/usr/local/bin/npm', 'install' ]
info using npm@1.1.12
info using node@v0.6.14
verbose config file /home/kyle/.npmrc
verbose config file /usr/local/etc/npmrc
verbose config file /usr/local/lib/node_modules/npm/npmrc
verbose caching /var/www/makersgtd/package.json
verbose loadDefaults MakersGTD@0.0.1
verbose readDependencies: using package.json deps
verbose where, deps [ '/var/www/makersgtd',
verbose where, deps   [ 'express',
verbose where, deps     'jade',
verbose where, deps     'moment',
verbose where, deps     'underscore',
verbose where, deps     'mongoose',
verbose where, deps     'bcrypt',
verbose where, deps     'connect-redis',
verbose where, deps     'passport',
verbose where, deps     'passport-local',
verbose where, deps     'connect-logger-statsd',
verbose where, deps     'node-statsd',
verbose where, deps     'microtime',
verbose where, deps     'javascript-brunch',
verbose where, deps     'coffee-script-brunch',
verbose where, deps     'eco-brunch',
verbose where, deps     'uglify-js-brunch',
verbose where, deps     'mocha',
verbose where, deps     'expect.js' ] ]
verbose from cache /var/www/makersgtd/package.json
info preinstall MakersGTD@0.0.1
verbose caching /var/www/makersgtd/node_modules/node-statsd/package.json
verbose caching /var/www/makersgtd/node_modules/connect-logger-statsd/package.json
verbose caching /var/www/makersgtd/node_modules/underscore/package.json
verbose caching /var/www/makersgtd/node_modules/uglify-js-brunch/package.json
verbose caching /var/www/makersgtd/node_modules/express/package.json
verbose caching /var/www/makersgtd/node_modules/passport/package.json
verbose caching /var/www/makersgtd/node_modules/passport-local/package.json
verbose caching /var/www/makersgtd/node_modules/ejs/package.json
verbose loadDefaults ejs@0.7.1
verbose caching /var/www/makersgtd/node_modules/passport-google-oauth/package.json
verbose loadDefaults passport-google-oauth@0.1.3
verbose caching /var/www/makersgtd/node_modules/connect-redis/package.json
verbose caching /var/www/makersgtd/node_modules/moment/package.json
verbose caching /var/www/makersgtd/node_modules/expect.js/package.json
verbose caching /var/www/makersgtd/node_modules/javascript-brunch/package.json
verbose caching /var/www/makersgtd/node_modules/mocha/package.json
verbose caching /var/www/makersgtd/node_modules/coffee-script-brunch/package.json
verbose caching /var/www/makersgtd/node_modules/eco-brunch/package.json
verbose caching /var/www/makersgtd/node_modules/jade/package.json
verbose caching /var/www/makersgtd/node_modules/mongoose/package.json
verbose has wscript [ undefined,
verbose has wscript   { file: '/var/www/makersgtd/node_modules/bcrypt/package.json',
verbose has wscript     gypfile: false,
verbose has wscript     contributors: false,
verbose has wscript     serverjs: false,
verbose has wscript     wscript: true } ]
verbose caching /var/www/makersgtd/node_modules/bcrypt/package.json
verbose from cache /var/www/makersgtd/package.json
verbose readDependencies: using package.json deps
verbose from cache /var/www/makersgtd/node_modules/node-statsd/package.json
verbose from cache /var/www/makersgtd/node_modules/connect-logger-statsd/package.json
verbose from cache /var/www/makersgtd/node_modules/bcrypt/package.json
verbose from cache /var/www/makersgtd/node_modules/underscore/package.json
verbose from cache /var/www/makersgtd/node_modules/uglify-js-brunch/package.json
verbose from cache /var/www/makersgtd/node_modules/express/package.json
verbose from cache /var/www/makersgtd/node_modules/passport/package.json
verbose from cache /var/www/makersgtd/node_modules/passport-local/package.json
verbose from cache /var/www/makersgtd/node_modules/ejs/package.json
verbose from cache /var/www/makersgtd/node_modules/passport-google-oauth/package.json
verbose from cache /var/www/makersgtd/node_modules/connect-redis/package.json
verbose from cache /var/www/makersgtd/node_modules/moment/package.json
verbose from cache /var/www/makersgtd/node_modules/expect.js/package.json
verbose from cache /var/www/makersgtd/node_modules/javascript-brunch/package.json
verbose from cache /var/www/makersgtd/node_modules/mocha/package.json
verbose from cache /var/www/makersgtd/node_modules/coffee-script-brunch/package.json
verbose from cache /var/www/makersgtd/node_modules/eco-brunch/package.json
verbose from cache /var/www/makersgtd/node_modules/jade/package.json
verbose from cache /var/www/makersgtd/node_modules/mongoose/package.json
verbose already installed in /var/www/makersgtd skipping bcrypt@0.x.x
verbose already installed in /var/www/makersgtd skipping connect-redis@1.x.x
verbose already installed in /var/www/makersgtd skipping passport@0.x.x
verbose already installed in /var/www/makersgtd skipping passport-local@0.x.x
verbose already installed in /var/www/makersgtd skipping connect-logger-statsd@0.0.x
verbose already installed in /var/www/makersgtd skipping node-statsd@0.0.x
verbose cache add [ 'microtime@0.3.x', null ]
silly cache add: name, spec, args [ undefined, 'microtime@0.3.x', [ 'microtime@0.3.x', null ] ]
verbose parsed url { pathname: 'microtime@0.3.x',
verbose parsed url   path: 'microtime@0.3.x',
verbose parsed url   href: 'microtime@0.3.x' }
silly cache add: name, spec, args [ 'microtime', '0.3.x', [ 'microtime', '0.3.x' ] ]
verbose parsed url { pathname: '0.3.x', path: '0.3.x', href: '0.3.x' }
verbose addNamed [ 'microtime', '0.3.x' ]
verbose addNamed [ null, '>=0.3.0- <0.4.0-' ]
silly name, range, hasData [ 'microtime', '>=0.3.0- <0.4.0-', false ]
verbose already installed in /var/www/makersgtd skipping javascript-brunch@1.1.x
verbose already installed in /var/www/makersgtd skipping coffee-script-brunch@1.1.x
verbose already installed in /var/www/makersgtd skipping eco-brunch@1.1.x
verbose already installed in /var/www/makersgtd skipping uglify-js-brunch@1.1.x
verbose already installed in /var/www/makersgtd skipping mocha@1.0.0
verbose already installed in /var/www/makersgtd skipping expect.js@0.1.2
verbose already installed in /var/www/makersgtd skipping express@2.x.x
verbose already installed in /var/www/makersgtd skipping jade@0.x.x
verbose already installed in /var/www/makersgtd skipping moment@1.x.x
verbose already installed in /var/www/makersgtd skipping underscore@1.x.x
verbose already installed in /var/www/makersgtd skipping mongoose@2.x.x
verbose raw, before any munging microtime
verbose url resolving [ 'https://registry.npmjs.org/', './microtime' ]
verbose url resolved https://registry.npmjs.org/microtime
verbose etag "ALL595ZKHRD28SU0E3O9WSZGF"
http GET https://registry.npmjs.org/microtime
http 200 https://registry.npmjs.org/microtime
silly get cb [ 200,
silly get cb   { vary: 'Accept',
silly get cb     server: 'CouchDB/1.2.0 (Erlang OTP/R15B)',
silly get cb     etag: '"9SQ6EDK2TYTSSNKMZ3UID1OJ3"',
silly get cb     date: 'Wed, 09 May 2012 20:24:03 GMT',
silly get cb     'content-type': 'application/json',
silly get cb     'content-length': '10831' } ]
silly name, range, hasData 2 [ 'microtime', '>=0.3.0- <0.4.0-', true ]
silly versions [ 'microtime',
silly versions   [ '0.1.0',
silly versions     '0.1.1',
silly versions     '0.1.2',
silly versions     '0.1.3',
silly versions     '0.1.3-1',
silly versions     '0.2.0',
silly versions     '0.3.0',
silly versions     '0.3.1' ] ]
verbose bin dist [ '0.6-ares1.7.5-DEV-evundefined-openssl1.0.0e-v83.6.6.24-linux-x64-3.2.0-24-generic',
verbose bin dist   { shasum: '689dd3934d03bd5b52ffce91b6def9b12e339ac2',
verbose bin dist     tarball: 'http://registry.npmjs.org/microtime/-/microtime-0.3.1.tgz' } ]
verbose has bindings.gyp [ undefined,
verbose has bindings.gyp   { file: '/home/kyle/.npm/microtime/0.3.1/package/package.json',
verbose has bindings.gyp     gypfile: true,
verbose has bindings.gyp     contributors: false,
verbose has bindings.gyp     serverjs: false,
verbose has bindings.gyp     wscript: false } ]
verbose caching /home/kyle/.npm/microtime/0.3.1/package/package.json
verbose loadDefaults microtime@0.3.1
silly resolved [ { name: 'microtime',
silly resolved     version: '0.3.1',
silly resolved     description: 'Get the current time in microseconds',
silly resolved     author: 
silly resolved      { name: 'Wade Simmons',
silly resolved        email: 'wade@wades.im',
silly resolved        url: 'http://wades.im/mons' },
silly resolved     homepage: 'https://github.com/wadey/node-microtime',
silly resolved     repository: 
silly resolved      { type: 'git',
silly resolved        url: 'git://github.com/wadey/node-microtime.git' },
silly resolved     main: './index',
silly resolved     engines: { node: '>= 0.6.0' },
silly resolved     scripts: { test: 'node test.js', install: 'node-gyp rebuild' },
silly resolved     dependencies: { bindings: '~0.3.0' },
silly resolved     _id: 'microtime@0.3.1',
silly resolved     devDependencies: {},
silly resolved     optionalDependencies: {},
silly resolved     _engineSupported: true,
silly resolved     _npmVersion: '1.1.12',
silly resolved     _nodeVersion: 'v0.6.14',
silly resolved     _defaultsLoaded: true,
silly resolved     _from: 'microtime@0.3.x' } ]
info into /var/www/makersgtd microtime@0.3.1
info installOne microtime@0.3.1
verbose from cache /home/kyle/.npm/microtime/0.3.1/package/package.json
info unbuild /var/www/makersgtd/node_modules/microtime
verbose mkdir (expected) error ENOENT, stat '/var/www/makersgtd/node_modules/microtime'
verbose mkdir done: /var/www/makersgtd/node_modules/microtime 755
verbose unpack_ uid, gid [ undefined, undefined ]
verbose unpackTarget /var/www/makersgtd/node_modules/microtime
silly gunzTarPerm modes [ '755', '644' ]
verbose gunzed /var/www/makersgtd/node_modules/microtime
verbose has bindings.gyp [ undefined,
verbose has bindings.gyp   { file: '/var/www/makersgtd/node_modules/microtime/package.json',
verbose has bindings.gyp     gypfile: true,
verbose has bindings.gyp     wscript: false,
verbose has bindings.gyp     contributors: false,
verbose has bindings.gyp     serverjs: false } ]
verbose caching /var/www/makersgtd/node_modules/microtime/package.json
verbose loadDefaults microtime@0.3.1
info preinstall microtime@0.3.1
verbose from cache /var/www/makersgtd/node_modules/microtime/package.json
verbose readDependencies: using package.json deps
verbose from cache /var/www/makersgtd/node_modules/microtime/package.json
verbose readDependencies: using package.json deps
verbose cache add [ 'bindings@~0.3.0', null ]
silly cache add: name, spec, args [ undefined, 'bindings@~0.3.0', [ 'bindings@~0.3.0', null ] ]
verbose parsed url { pathname: 'bindings@~0.3.0',
verbose parsed url   path: 'bindings@~0.3.0',
verbose parsed url   href: 'bindings@~0.3.0' }
silly cache add: name, spec, args [ 'bindings', '~0.3.0', [ 'bindings', '~0.3.0' ] ]
verbose parsed url { pathname: '~0.3.0', path: '~0.3.0', href: '~0.3.0' }
verbose addNamed [ 'bindings', '~0.3.0' ]
verbose addNamed [ null, '>=0.3.0- <0.4.0-' ]
silly name, range, hasData [ 'bindings', '>=0.3.0- <0.4.0-', false ]
verbose raw, before any munging bindings
verbose url resolving [ 'https://registry.npmjs.org/', './bindings' ]
verbose url resolved https://registry.npmjs.org/bindings
verbose etag "7558EKLTJCOE56TKYUTEOBGLQ"
http GET https://registry.npmjs.org/bindings
http 200 https://registry.npmjs.org/bindings
silly get cb [ 200,
silly get cb   { vary: 'Accept',
silly get cb     server: 'CouchDB/1.2.0 (Erlang OTP/R15B)',
silly get cb     etag: '"4GVOB2F32ZIF8E53B2UFHC7RQ"',
silly get cb     date: 'Wed, 09 May 2012 20:24:08 GMT',
silly get cb     'content-type': 'application/json',
silly get cb     'content-length': '12332' } ]
silly name, range, hasData 2 [ 'bindings', '>=0.3.0- <0.4.0-', true ]
silly versions [ 'bindings',
silly versions   [ '0.0.1',
silly versions     '0.1.0',
silly versions     '0.1.1',
silly versions     '0.2.0',
silly versions     '0.2.1',
silly versions     '0.2.2',
silly versions     '0.2.3',
silly versions     '0.2.4',
silly versions     '0.3.0' ] ]
verbose bin dist [ '0.6-ares1.7.5-DEV-evundefined-openssl1.0.0e-v83.6.6.24-linux-x64-3.2.0-24-generic',
verbose bin dist   { shasum: '2d01b7061ca312c6600c9b512404fd3ef99c06f3',
verbose bin dist     tarball: 'http://registry.npmjs.org/bindings/-/bindings-0.3.0.tgz' } ]
verbose caching /home/kyle/.npm/bindings/0.3.0/package/package.json
verbose loadDefaults bindings@0.3.0
silly resolved [ { name: 'bindings',
silly resolved     description: 'Helper module for loading your native module\'s bindings in a cross-platform way',
silly resolved     keywords: [ 'native', 'addon', 'bindings', 'gyp' ],
silly resolved     version: '0.3.0',
silly resolved     author: 
silly resolved      { name: 'Nathan Rajlich',
silly resolved        email: 'nathan@tootallnate.net',
silly resolved        url: 'http://tootallnate.net' },
silly resolved     repository: 
silly resolved      { type: 'git',
silly resolved        url: 'git://github.com/TooTallNate/node-bindings.git' },
silly resolved     main: './bindings.js',
silly resolved     engines: { node: '*' },
silly resolved     _id: 'bindings@0.3.0',
silly resolved     dependencies: {},
silly resolved     devDependencies: {},
silly resolved     optionalDependencies: {},
silly resolved     _engineSupported: true,
silly resolved     _npmVersion: '1.1.12',
silly resolved     _nodeVersion: 'v0.6.14',
silly resolved     _defaultsLoaded: true,
silly resolved     _from: 'bindings@~0.3.0',
silly resolved     scripts: {} } ]
info into /var/www/makersgtd/node_modules/microtime bindings@0.3.0
info installOne bindings@0.3.0
verbose from cache /home/kyle/.npm/bindings/0.3.0/package/package.json
info unbuild /var/www/makersgtd/node_modules/microtime/node_modules/bindings
verbose mkdir (expected) error ENOENT, stat '/var/www/makersgtd/node_modules/microtime/node_modules'
verbose mkdir (expected) error ENOENT, stat '/var/www/makersgtd/node_modules/microtime/node_modules/bindings'
verbose mkdir done: /var/www/makersgtd/node_modules/microtime/node_modules/bindings 755
verbose unpack_ uid, gid [ undefined, undefined ]
verbose unpackTarget /var/www/makersgtd/node_modules/microtime/node_modules/bindings
silly gunzTarPerm modes [ '755', '644' ]
verbose gunzed /var/www/makersgtd/node_modules/microtime/node_modules/bindings
verbose caching /var/www/makersgtd/node_modules/microtime/node_modules/bindings/package.json
verbose loadDefaults bindings@0.3.0
info preinstall bindings@0.3.0
verbose from cache /var/www/makersgtd/node_modules/microtime/node_modules/bindings/package.json
verbose readDependencies: using package.json deps
verbose from cache /var/www/makersgtd/node_modules/microtime/node_modules/bindings/package.json
verbose readDependencies: using package.json deps
silly resolved []
verbose about to build /var/www/makersgtd/node_modules/microtime/node_modules/bindings
info build /var/www/makersgtd/node_modules/microtime/node_modules/bindings
verbose from cache /var/www/makersgtd/node_modules/microtime/node_modules/bindings/package.json
verbose linkStuff [ false,
verbose linkStuff   false,
verbose linkStuff   false,
verbose linkStuff   '/var/www/makersgtd/node_modules/microtime/node_modules' ]
info linkStuff bindings@0.3.0
verbose linkBins bindings@0.3.0
verbose linkMans bindings@0.3.0
verbose rebuildBundles bindings@0.3.0
info install bindings@0.3.0
info postinstall bindings@0.3.0
verbose about to build /var/www/makersgtd/node_modules/microtime
info build /var/www/makersgtd/node_modules/microtime
verbose from cache /var/www/makersgtd/node_modules/microtime/package.json
verbose linkStuff [ false, false, false, '/var/www/makersgtd/node_modules' ]
info linkStuff microtime@0.3.1
verbose linkBins microtime@0.3.1
verbose linkMans microtime@0.3.1
verbose rebuildBundles microtime@0.3.1
verbose rebuildBundles [ 'bindings' ]
info install microtime@0.3.1
verbose unsafe-perm in lifecycle true
silly exec sh "-c" "node-gyp rebuild"
silly spawning [ 'sh',
silly spawning   [ '-c', 'node-gyp rebuild' ],
silly spawning   '/var/www/makersgtd/node_modules/microtime' ]
info microtime@0.3.1 Failed to exec install script
info unbuild /var/www/makersgtd/node_modules/microtime
verbose from cache /var/www/makersgtd/node_modules/microtime/package.json
info preuninstall microtime@0.3.1
info uninstall microtime@0.3.1
verbose unbuild microtime@0.3.1 [ true,
verbose unbuild microtime@0.3.1   '/var/www/makersgtd/node_modules',
verbose unbuild microtime@0.3.1   '/var/www/makersgtd/node_modules' ]
info postuninstall microtime@0.3.1
ERR! microtime@0.3.1 install: `node-gyp rebuild`
ERR! `sh "-c" "node-gyp rebuild"` failed with 1
ERR! 
ERR! Failed at the microtime@0.3.1 install script.
ERR! This is most likely a problem with the microtime package,
ERR! not with npm itself.
ERR! Tell the author that this fails on your system:
ERR!     node-gyp rebuild
ERR! You can get their info via:
ERR!     npm owner ls microtime
ERR! There is likely additional logging output above.
ERR! 
ERR! System Linux 3.2.0-24-generic
ERR! command "node" "/usr/local/bin/npm" "install"
ERR! cwd /var/www/makersgtd
ERR! node -v v0.6.14
ERR! npm -v 1.1.12
ERR! code ELIFECYCLE
ERR! message microtime@0.3.1 install: `node-gyp rebuild`
ERR! message `sh "-c" "node-gyp rebuild"` failed with 1
ERR! errno {}
verbose exit [ 1, true ]
e package,
ERR! not with npm itself.
ERR! Tell the author that this fails on your system:
ERR!     node-gyp rebuild
ERR! You can get their info via:
ERR!     npm owner ls microtime
ERR! There is likely additional logging output above.
ERR! 
ERR! System Linux 3.2.0-24-generic
ERR! command "node" "/usr/local/bin/npm" "install"
ERR! cwd /var/www/makersgtd
ERR! node -v v0.6.14
ERR! npm -v 1.1.12
ERR! code ELIFECYCLE
ERR! message microtime@0.3.1 install: `node-gyp rebuild`
ERR! message `sh "-c" "node-gyp rebuild"` failed with 1
ERR! errno {}
verbose exit [ 1, true ]
